[debug] [2023-04-17T03:38:59.267Z] ----------------------------------------------------------------------
[debug] [2023-04-17T03:38:59.268Z] Command:       /usr/local/bin/node /usr/local/bin/firebase init
[debug] [2023-04-17T03:38:59.269Z] CLI Version:   11.24.1
[debug] [2023-04-17T03:38:59.269Z] Platform:      darwin
[debug] [2023-04-17T03:38:59.269Z] Node Version:  v19.8.1
[debug] [2023-04-17T03:38:59.269Z] Time:          Sun Apr 16 2023 22:38:59 GMT-0500 (Central Daylight Time)
[debug] [2023-04-17T03:38:59.269Z] ----------------------------------------------------------------------
[debug] 
[debug] [2023-04-17T03:38:59.301Z] > command requires scopes: ["email","openid","https://www.googleapis.com/auth/cloudplatformprojects.readonly","https://www.googleapis.com/auth/firebase","https://www.googleapis.com/auth/cloud-platform"]
[debug] [2023-04-17T03:38:59.301Z] > authorizing via signed-in user (smgilliam@wisc.edu)
[info] 
     ######## #### ########  ######## ########     ###     ######  ########
     ##        ##  ##     ## ##       ##     ##  ##   ##  ##       ##
     ######    ##  ########  ######   ########  #########  ######  ######
     ##        ##  ##    ##  ##       ##     ## ##     ##       ## ##
     ##       #### ##     ## ######## ########  ##     ##  ######  ########

You're about to initialize a Firebase project in this directory:

  /Users/serenagilliam

Before we get started, keep in mind:

  * You are initializing within an existing Firebase project directory

[info] 
=== Project Setup
[info] 
[info] First, let's associate this project directory with a Firebase project.
[info] You can create multiple project aliases by running firebase use --add, 
[info] but for now we'll just set up a default project.
[info] 
[debug] [2023-04-17T03:39:36.679Z] Using project from CLI flag: rescues-in-need
[debug] [2023-04-17T03:39:36.681Z] > refreshing access token with scopes: []
[debug] [2023-04-17T03:39:36.684Z] >>> [apiv2][query] POST https://www.googleapis.com/oauth2/v3/token [none]
[debug] [2023-04-17T03:39:36.684Z] >>> [apiv2][body] POST https://www.googleapis.com/oauth2/v3/token [omitted]
[debug] [2023-04-17T03:39:36.931Z] <<< [apiv2][status] POST https://www.googleapis.com/oauth2/v3/token 400
[debug] [2023-04-17T03:39:36.931Z] <<< [apiv2][body] POST https://www.googleapis.com/oauth2/v3/token [omitted]
[debug] [2023-04-17T03:39:36.932Z] >>> [apiv2][query] GET https://firebase.googleapis.com/v1beta1/projects/rescues-in-need [none]
[debug] [2023-04-17T03:39:37.076Z] <<< [apiv2][status] GET https://firebase.googleapis.com/v1beta1/projects/rescues-in-need 401
[debug] [2023-04-17T03:39:37.077Z] <<< [apiv2][body] GET https://firebase.googleapis.com/v1beta1/projects/rescues-in-need {"error":{"code":401,"message":"Request had invalid authentication credentials. Expected OAuth 2 access token, login cookie or other valid authentication credential. See https://developers.google.com/identity/sign-in/web/devconsole-project.","status":"UNAUTHENTICATED"}}
[debug] [2023-04-17T03:39:37.077Z] HTTP Error: 401, Request had invalid authentication credentials. Expected OAuth 2 access token, login cookie or other valid authentication credential. See https://developers.google.com/identity/sign-in/web/devconsole-project.
[debug] [2023-04-17T03:39:37.079Z] FirebaseError: HTTP Error: 401, Request had invalid authentication credentials. Expected OAuth 2 access token, login cookie or other valid authentication credential. See https://developers.google.com/identity/sign-in/web/devconsole-project.
    at responseToError (/usr/local/lib/node_modules/firebase-tools/lib/responseToError.js:49:12)
    at RetryOperation._fn (/usr/local/lib/node_modules/firebase-tools/lib/apiv2.js:288:77)
    at process.processTicksAndRejections (node:internal/process/task_queues:95:5)
[error] 
[error] Error: Failed to get Firebase project rescues-in-need. Please make sure the project exists and your account has permission to access it.
[debug] [2023-04-17T03:41:31.990Z] ----------------------------------------------------------------------
[debug] [2023-04-17T03:41:31.994Z] Command:       /usr/local/bin/node /usr/local/bin/firebase init
[debug] [2023-04-17T03:41:31.994Z] CLI Version:   11.24.1
[debug] [2023-04-17T03:41:31.994Z] Platform:      darwin
[debug] [2023-04-17T03:41:31.994Z] Node Version:  v19.8.1
[debug] [2023-04-17T03:41:31.994Z] Time:          Sun Apr 16 2023 22:41:31 GMT-0500 (Central Daylight Time)
[debug] [2023-04-17T03:41:31.994Z] ----------------------------------------------------------------------
[debug] 
[debug] [2023-04-17T03:41:32.027Z] > command requires scopes: ["email","openid","https://www.googleapis.com/auth/cloudplatformprojects.readonly","https://www.googleapis.com/auth/firebase","https://www.googleapis.com/auth/cloud-platform"]
[debug] [2023-04-17T03:41:32.028Z] > authorizing via signed-in user (smgilliam@wisc.edu)
[info] 
     ######## #### ########  ######## ########     ###     ######  ########
     ##        ##  ##     ## ##       ##     ##  ##   ##  ##       ##
     ######    ##  ########  ######   ########  #########  ######  ######
     ##        ##  ##    ##  ##       ##     ## ##     ##       ## ##
     ##       #### ##     ## ######## ########  ##     ##  ######  ########

You're about to initialize a Firebase project in this directory:

  /Users/serenagilliam

Before we get started, keep in mind:

  * You are initializing within an existing Firebase project directory

[info] 
=== Project Setup
[info] 
[info] First, let's associate this project directory with a Firebase project.
[info] You can create multiple project aliases by running firebase use --add, 
[info] but for now we'll just set up a default project.
[info] 
[debug] [2023-04-17T03:41:37.122Z] Using project from CLI flag: rescues-in-need
[debug] [2023-04-17T03:41:37.124Z] > refreshing access token with scopes: []
[debug] [2023-04-17T03:41:37.126Z] >>> [apiv2][query] POST https://www.googleapis.com/oauth2/v3/token [none]
[debug] [2023-04-17T03:41:37.126Z] >>> [apiv2][body] POST https://www.googleapis.com/oauth2/v3/token [omitted]
[debug] [2023-04-17T03:41:37.310Z] <<< [apiv2][status] POST https://www.googleapis.com/oauth2/v3/token 400
[debug] [2023-04-17T03:41:37.311Z] <<< [apiv2][body] POST https://www.googleapis.com/oauth2/v3/token [omitted]
[debug] [2023-04-17T03:41:37.311Z] >>> [apiv2][query] GET https://firebase.googleapis.com/v1beta1/projects/rescues-in-need [none]
[debug] [2023-04-17T03:41:37.392Z] <<< [apiv2][status] GET https://firebase.googleapis.com/v1beta1/projects/rescues-in-need 401
[debug] [2023-04-17T03:41:37.392Z] <<< [apiv2][body] GET https://firebase.googleapis.com/v1beta1/projects/rescues-in-need {"error":{"code":401,"message":"Request had invalid authentication credentials. Expected OAuth 2 access token, login cookie or other valid authentication credential. See https://developers.google.com/identity/sign-in/web/devconsole-project.","status":"UNAUTHENTICATED"}}
[debug] [2023-04-17T03:41:37.393Z] HTTP Error: 401, Request had invalid authentication credentials. Expected OAuth 2 access token, login cookie or other valid authentication credential. See https://developers.google.com/identity/sign-in/web/devconsole-project.
[debug] [2023-04-17T03:41:37.395Z] FirebaseError: HTTP Error: 401, Request had invalid authentication credentials. Expected OAuth 2 access token, login cookie or other valid authentication credential. See https://developers.google.com/identity/sign-in/web/devconsole-project.
    at responseToError (/usr/local/lib/node_modules/firebase-tools/lib/responseToError.js:49:12)
    at RetryOperation._fn (/usr/local/lib/node_modules/firebase-tools/lib/apiv2.js:288:77)
    at process.processTicksAndRejections (node:internal/process/task_queues:95:5)
[error] 
[error] Error: Failed to get Firebase project rescues-in-need. Please make sure the project exists and your account has permission to access it.
[debug] [2023-04-17T03:42:16.170Z] ----------------------------------------------------------------------
[debug] [2023-04-17T03:42:16.174Z] Command:       /usr/local/bin/node /usr/local/bin/firebase use --add
[debug] [2023-04-17T03:42:16.174Z] CLI Version:   11.24.1
[debug] [2023-04-17T03:42:16.174Z] Platform:      darwin
[debug] [2023-04-17T03:42:16.174Z] Node Version:  v19.8.1
[debug] [2023-04-17T03:42:16.174Z] Time:          Sun Apr 16 2023 22:42:16 GMT-0500 (Central Daylight Time)
[debug] [2023-04-17T03:42:16.174Z] ----------------------------------------------------------------------
[debug] 
[debug] [2023-04-17T03:42:16.208Z] > command requires scopes: ["email","openid","https://www.googleapis.com/auth/cloudplatformprojects.readonly","https://www.googleapis.com/auth/firebase","https://www.googleapis.com/auth/cloud-platform"]
[debug] [2023-04-17T03:42:16.208Z] > authorizing via signed-in user (smgilliam@wisc.edu)
[debug] [2023-04-17T03:42:16.209Z] > refreshing access token with scopes: []
[debug] [2023-04-17T03:42:16.210Z] >>> [apiv2][query] POST https://www.googleapis.com/oauth2/v3/token [none]
[debug] [2023-04-17T03:42:16.210Z] >>> [apiv2][body] POST https://www.googleapis.com/oauth2/v3/token [omitted]
[debug] [2023-04-17T03:42:16.376Z] <<< [apiv2][status] POST https://www.googleapis.com/oauth2/v3/token 400
[debug] [2023-04-17T03:42:16.376Z] <<< [apiv2][body] POST https://www.googleapis.com/oauth2/v3/token [omitted]
[debug] [2023-04-17T03:42:16.377Z] >>> [apiv2][query] GET https://firebase.googleapis.com/v1beta1/projects pageSize=1000
[debug] [2023-04-17T03:42:16.465Z] <<< [apiv2][status] GET https://firebase.googleapis.com/v1beta1/projects 401
[debug] [2023-04-17T03:42:16.466Z] <<< [apiv2][body] GET https://firebase.googleapis.com/v1beta1/projects [omitted]
[debug] [2023-04-17T03:42:16.469Z] HTTP Error: 401, Request had invalid authentication credentials. Expected OAuth 2 access token, login cookie or other valid authentication credential. See https://developers.google.com/identity/sign-in/web/devconsole-project.
[debug] [2023-04-17T03:42:16.483Z] FirebaseError: HTTP Error: 401, Request had invalid authentication credentials. Expected OAuth 2 access token, login cookie or other valid authentication credential. See https://developers.google.com/identity/sign-in/web/devconsole-project.
    at responseToError (/usr/local/lib/node_modules/firebase-tools/lib/responseToError.js:49:12)
    at RetryOperation._fn (/usr/local/lib/node_modules/firebase-tools/lib/apiv2.js:288:77)
    at process.processTicksAndRejections (node:internal/process/task_queues:95:5)
[error] 
[error] Error: Failed to list Firebase projects. See firebase-debug.log for more info.
